<?xml version="1.0" encoding="UTF-8"?>
<testsuite xmlns:xsi="http://www.w3.org/2001/XMLSchema-instance" xsi:noNamespaceSchemaLocation="https://maven.apache.org/surefire/maven-surefire-plugin/xsd/surefire-test-report-3.0.xsd" version="3.0" name="com.example.BookApiTest" time="8.991" tests="10" errors="0" skipped="0" failures="0">
  <properties>
[...]
</properties>
  <testcase name="testGetBooks" classname="com.example.BookApiTest" time="4.452">
    <system-err><![CDATA[SLF4J: Failed to load class "org.slf4j.impl.StaticLoggerBinder".
SLF4J: Defaulting to no-operation (NOP) logger implementation
SLF4J: See http://www.slf4j.org/codes.html#StaticLoggerBinder for further details.
]]></system-err>
  </testcase>
  <testcase name="testAddBook" classname="com.example.BookApiTest" time="1.207"/>
  <testcase name="testUpdateBook" classname="com.example.BookApiTest" time="0.3"/>
  <testcase name="testDeleteBook" classname="com.example.BookApiTest" time="0.26"/>
  <testcase name="testGetWrongEndpoint" classname="com.example.BookApiTest" time="0.537"/>
  <testcase name="testAddBookWithoutTitle" classname="com.example.BookApiTest" time="0.319"/>
  <testcase name="testAddBookInvalidStatus" classname="com.example.BookApiTest" time="0.237"/>
  <testcase name="testUpdateBookNotFound" classname="com.example.BookApiTest" time="0.272"/>
  <testcase name="testUpdateBookEmptyBody" classname="com.example.BookApiTest" time="0.259"/>
  <testcase name="testDeleteBookNotFound" classname="com.example.BookApiTest" time="0.218"/>
</testsuite>